This is pdfTeX, Version 3.1415926-2.5-1.40.14 (MiKTeX 2.9 64-bit) (preloaded format=pdflatex 2014.2.7)  16 SEP 2014 11:54
entering extended mode
**LaRoche_STAT574G_Lab3.tex
(C:\Classes\GeoStat\Lab3\LaRoche_STAT574G_Lab3.tex
LaTeX2e <2011/06/27>
Babel <v3.8m> and hyphenation patterns for english, afrikaans, ancientgreek, ar
abic, armenian, assamese, basque, bengali, bokmal, bulgarian, catalan, coptic, 
croatian, czech, danish, dutch, esperanto, estonian, farsi, finnish, french, ga
lician, german, german-x-2013-05-26, greek, gujarati, hindi, hungarian, iceland
ic, indonesian, interlingua, irish, italian, kannada, kurmanji, latin, latvian,
 lithuanian, malayalam, marathi, mongolian, mongolianlmc, monogreek, ngerman, n
german-x-2013-05-26, nynorsk, oriya, panjabi, pinyin, polish, portuguese, roman
ian, russian, sanskrit, serbian, slovak, slovenian, spanish, swedish, swissgerm
an, tamil, telugu, turkish, turkmen, ukenglish, ukrainian, uppersorbian, usengl
ishmax, welsh, loaded.
("C:\Program Files\MiKTeX 2.9\tex\latex\base\article.cls"
Document Class: article 2007/10/19 v1.4h Standard LaTeX document class
("C:\Program Files\MiKTeX 2.9\tex\latex\base\size10.clo"
File: size10.clo 2007/10/19 v1.4h Standard LaTeX file (size option)
)
\c@part=\count79
\c@section=\count80
\c@subsection=\count81
\c@subsubsection=\count82
\c@paragraph=\count83
\c@subparagraph=\count84
\c@figure=\count85
\c@table=\count86
\abovecaptionskip=\skip41
\belowcaptionskip=\skip42
\bibindent=\dimen102
)
("C:\Program Files\MiKTeX 2.9\tex\latex\graphics\graphicx.sty"
Package: graphicx 1999/02/16 v1.0f Enhanced LaTeX Graphics (DPC,SPQR)

("C:\Program Files\MiKTeX 2.9\tex\latex\graphics\keyval.sty"
Package: keyval 1999/03/16 v1.13 key=value parser (DPC)
\KV@toks@=\toks14
)
("C:\Program Files\MiKTeX 2.9\tex\latex\graphics\graphics.sty"
Package: graphics 2009/02/05 v1.0o Standard LaTeX Graphics (DPC,SPQR)

("C:\Program Files\MiKTeX 2.9\tex\latex\graphics\trig.sty"
Package: trig 1999/03/16 v1.09 sin cos tan (DPC)
)
("C:\Program Files\MiKTeX 2.9\tex\latex\00miktex\graphics.cfg"
File: graphics.cfg 2007/01/18 v1.5 graphics configuration of teTeX/TeXLive
)
Package graphics Info: Driver file: pdftex.def on input line 91.

("C:\Program Files\MiKTeX 2.9\tex\latex\pdftex-def\pdftex.def"
File: pdftex.def 2011/05/27 v0.06d Graphics/color for pdfTeX

("C:\Program Files\MiKTeX 2.9\tex\generic\oberdiek\infwarerr.sty"
Package: infwarerr 2010/04/08 v1.3 Providing info/warning/error messages (HO)
)
("C:\Program Files\MiKTeX 2.9\tex\generic\oberdiek\ltxcmds.sty"
Package: ltxcmds 2011/11/09 v1.22 LaTeX kernel commands for general use (HO)
)
\Gread@gobject=\count87
))
\Gin@req@height=\dimen103
\Gin@req@width=\dimen104
)
("C:\Program Files\MiKTeX 2.9\tex\latex\graphics\color.sty"
Package: color 2005/11/14 v1.0j Standard LaTeX Color (DPC)

("C:\Program Files\MiKTeX 2.9\tex\latex\00miktex\color.cfg"
File: color.cfg 2007/01/18 v1.5 color configuration of teTeX/TeXLive
)
Package color Info: Driver file: pdftex.def on input line 130.
)
(C:\Users\larochd1\AppData\Roaming\MiKTeX\2.9\tex\latex\framed\framed.sty
Package: framed 2011/10/22 v 0.96: framed or shaded text with page breaks
\OuterFrameSep=\skip43
\fb@frw=\dimen105
\fb@frh=\dimen106
\FrameRule=\dimen107
\FrameSep=\dimen108
)
("C:\Program Files\MiKTeX 2.9\tex\latex\base\alltt.sty"
Package: alltt 1997/06/16 v2.0g defines alltt environment
)
(C:\Users\larochd1\AppData\Roaming\MiKTeX\2.9\tex\latex\preprint\fullpage.sty
Package: fullpage 1999/02/23 1.1 (PWD)
\FP@margin=\skip44
)
(C:\Users\larochd1\AppData\Roaming\MiKTeX\2.9\tex\latex\placeins\placeins.sty
Package: placeins 2005/04/18  v 2.2
)
("C:\Program Files\MiKTeX 2.9\tex\latex\hyperref\hyperref.sty"
Package: hyperref 2012/11/06 v6.83m Hypertext links for LaTeX

("C:\Program Files\MiKTeX 2.9\tex\generic\oberdiek\hobsub-hyperref.sty"
Package: hobsub-hyperref 2012/04/25 v1.12 Bundle oberdiek, subset hyperref (HO)


("C:\Program Files\MiKTeX 2.9\tex\generic\oberdiek\hobsub-generic.sty"
Package: hobsub-generic 2012/04/25 v1.12 Bundle oberdiek, subset generic (HO)
Package: hobsub 2012/04/25 v1.12 Construct package bundles (HO)
Package hobsub Info: Skipping package `infwarerr' (already loaded).
Package hobsub Info: Skipping package `ltxcmds' (already loaded).
Package: ifluatex 2010/03/01 v1.3 Provides the ifluatex switch (HO)
Package ifluatex Info: LuaTeX not detected.
Package: ifvtex 2010/03/01 v1.5 Detect VTeX and its facilities (HO)
Package ifvtex Info: VTeX not detected.
Package: intcalc 2007/09/27 v1.1 Expandable calculations with integers (HO)
Package: ifpdf 2011/01/30 v2.3 Provides the ifpdf switch (HO)
Package ifpdf Info: pdfTeX in PDF mode is detected.
Package: etexcmds 2011/02/16 v1.5 Avoid name clashes with e-TeX commands (HO)
Package etexcmds Info: Could not find \expanded.
(etexcmds)             That can mean that you are not using pdfTeX 1.50 or
(etexcmds)             that some package has redefined \expanded.
(etexcmds)             In the latter case, load this package earlier.
Package: kvsetkeys 2012/04/25 v1.16 Key value parser (HO)
Package: kvdefinekeys 2011/04/07 v1.3 Define keys (HO)
Package: pdftexcmds 2011/11/29 v0.20 Utility functions of pdfTeX for LuaTeX (HO
)
Package pdftexcmds Info: LuaTeX not detected.
Package pdftexcmds Info: \pdf@primitive is available.
Package pdftexcmds Info: \pdf@ifprimitive is available.
Package pdftexcmds Info: \pdfdraftmode found.
Package: pdfescape 2011/11/25 v1.13 Implements pdfTeX's escape features (HO)
Package: bigintcalc 2012/04/08 v1.3 Expandable calculations on big integers (HO
)
Package: bitset 2011/01/30 v1.1 Handle bit-vector datatype (HO)
Package: uniquecounter 2011/01/30 v1.2 Provide unlimited unique counter (HO)
)
Package hobsub Info: Skipping package `hobsub' (already loaded).
Package: letltxmacro 2010/09/02 v1.4 Let assignment for LaTeX macros (HO)
Package: hopatch 2011/06/24 v1.1 Wrapper for package hooks (HO)
Package: xcolor-patch 2011/01/30 xcolor patch
Package: atveryend 2011/06/30 v1.8 Hooks at the very end of document (HO)
Package atveryend Info: \enddocument detected (standard20110627).
Package: atbegshi 2011/10/05 v1.16 At begin shipout hook (HO)
Package: refcount 2011/10/16 v3.4 Data extraction from label references (HO)
Package: hycolor 2011/01/30 v1.7 Color options for hyperref/bookmark (HO)
)
("C:\Program Files\MiKTeX 2.9\tex\generic\ifxetex\ifxetex.sty"
Package: ifxetex 2010/09/12 v0.6 Provides ifxetex conditional
)
("C:\Program Files\MiKTeX 2.9\tex\latex\oberdiek\auxhook.sty"
Package: auxhook 2011/03/04 v1.3 Hooks for auxiliary files (HO)
)
("C:\Program Files\MiKTeX 2.9\tex\latex\oberdiek\kvoptions.sty"
Package: kvoptions 2011/06/30 v3.11 Key value format for package options (HO)
)
\@linkdim=\dimen109
\Hy@linkcounter=\count88
\Hy@pagecounter=\count89

("C:\Program Files\MiKTeX 2.9\tex\latex\hyperref\pd1enc.def"
File: pd1enc.def 2012/11/06 v6.83m Hyperref: PDFDocEncoding definition (HO)
)
\Hy@SavedSpaceFactor=\count90

("C:\Program Files\MiKTeX 2.9\tex\latex\00miktex\hyperref.cfg"
File: hyperref.cfg 2002/06/06 v1.2 hyperref configuration of TeXLive
)
Package hyperref Info: Option `colorlinks' set `true' on input line 4319.
Package hyperref Info: Hyper figures OFF on input line 4443.
Package hyperref Info: Link nesting OFF on input line 4448.
Package hyperref Info: Hyper index ON on input line 4451.
Package hyperref Info: Plain pages OFF on input line 4458.
Package hyperref Info: Backreferencing OFF on input line 4463.
Package hyperref Info: Implicit mode ON; LaTeX internals redefined.
Package hyperref Info: Bookmarks ON on input line 4688.
\c@Hy@tempcnt=\count91

(C:\Users\larochd1\AppData\Roaming\MiKTeX\2.9\tex\latex\url\url.sty
\Urlmuskip=\muskip10
Package: url 2013/09/16  ver 3.4  Verb mode for urls, etc.
)
LaTeX Info: Redefining \url on input line 5041.
\XeTeXLinkMargin=\dimen110
\Fld@menulength=\count92
\Field@Width=\dimen111
\Fld@charsize=\dimen112
Package hyperref Info: Hyper figures OFF on input line 6295.
Package hyperref Info: Link nesting OFF on input line 6300.
Package hyperref Info: Hyper index ON on input line 6303.
Package hyperref Info: backreferencing OFF on input line 6310.
Package hyperref Info: Link coloring ON on input line 6313.
Package hyperref Info: Link coloring with OCG OFF on input line 6320.
Package hyperref Info: PDF/A mode OFF on input line 6325.
LaTeX Info: Redefining \ref on input line 6365.
LaTeX Info: Redefining \pageref on input line 6369.
\Hy@abspage=\count93
\c@Item=\count94
\c@Hfootnote=\count95
)

Package hyperref Message: Driver (autodetected): hpdftex.

("C:\Program Files\MiKTeX 2.9\tex\latex\hyperref\hpdftex.def"
File: hpdftex.def 2012/11/06 v6.83m Hyperref driver for pdfTeX
\Fld@listcount=\count96
\c@bookmark@seq@number=\count97

("C:\Program Files\MiKTeX 2.9\tex\latex\oberdiek\rerunfilecheck.sty"
Package: rerunfilecheck 2011/04/15 v1.7 Rerun checks for auxiliary files (HO)
Package uniquecounter Info: New unique counter `rerunfilecheck' on input line 2
82.
)
\Hy@SectionHShift=\skip45
)
(C:\Users\larochd1\AppData\Roaming\MiKTeX\2.9\tex\latex\upquote\upquote.sty
Package: upquote 2012/04/19 v1.3 upright-quote and grave-accent glyphs in verba
tim
)
(C:\Classes\GeoStat\Lab3\LaRoche_STAT574G_Lab3.aux)
LaTeX Font Info:    Checking defaults for OML/cmm/m/it on input line 57.
LaTeX Font Info:    ... okay on input line 57.
LaTeX Font Info:    Checking defaults for T1/cmr/m/n on input line 57.
LaTeX Font Info:    ... okay on input line 57.
LaTeX Font Info:    Checking defaults for OT1/cmr/m/n on input line 57.
LaTeX Font Info:    ... okay on input line 57.
LaTeX Font Info:    Checking defaults for OMS/cmsy/m/n on input line 57.
LaTeX Font Info:    ... okay on input line 57.
LaTeX Font Info:    Checking defaults for OMX/cmex/m/n on input line 57.
LaTeX Font Info:    ... okay on input line 57.
LaTeX Font Info:    Checking defaults for U/cmr/m/n on input line 57.
LaTeX Font Info:    ... okay on input line 57.
LaTeX Font Info:    Checking defaults for PD1/pdf/m/n on input line 57.
LaTeX Font Info:    ... okay on input line 57.

(C:\Users\larochd1\AppData\Roaming\MiKTeX\2.9\tex\context\base\supp-pdf.mkii
[Loading MPS to PDF converter (version 2006.09.02).]
\scratchcounter=\count98
\scratchdimen=\dimen113
\scratchbox=\box26
\nofMPsegments=\count99
\nofMParguments=\count100
\everyMPshowfont=\toks15
\MPscratchCnt=\count101
\MPscratchDim=\dimen114
\MPnumerator=\count102
\makeMPintoPDFobject=\count103
\everyMPtoPDFconversion=\toks16
)
\AtBeginShipoutBox=\box27
Package hyperref Info: Link coloring ON on input line 57.
 ("C:\Program Files\MiKTeX 2.9\tex\latex\hyperref\nameref.sty"
Package: nameref 2012/10/27 v2.43 Cross-referencing by name of section

("C:\Program Files\MiKTeX 2.9\tex\generic\oberdiek\gettitlestring.sty"
Package: gettitlestring 2010/12/03 v1.4 Cleanup title references (HO)
)
\c@section@level=\count104
)
LaTeX Info: Redefining \ref on input line 57.
LaTeX Info: Redefining \pageref on input line 57.
LaTeX Info: Redefining \nameref on input line 57.

(C:\Classes\GeoStat\Lab3\LaRoche_STAT574G_Lab3.out)
(C:\Classes\GeoStat\Lab3\LaRoche_STAT574G_Lab3.out)
\@outlinefile=\write3
LaTeX Font Info:    External font `cmex10' loaded for size
(Font)              <12> on input line 59.
LaTeX Font Info:    External font `cmex10' loaded for size
(Font)              <8> on input line 59.
LaTeX Font Info:    External font `cmex10' loaded for size
(Font)              <6> on input line 59.
Package color Info: Redefining color shadecolor on input line 63.
LaTeX Font Info:    Font shape `OT1/cmtt/bx/n' in size <10> not available
(Font)              Font shape `OT1/cmtt/m/n' tried instead on input line 65.
Package color Info: Redefining color shadecolor on input line 86.
LaTeX Font Info:    Try loading font information for OMS+cmtt on input line 88.


(C:/PROGRA~1/R/R-31~1.1/share/texmf/tex/latex\omscmtt.fd
File: omscmtt.fd 
)
LaTeX Font Info:    Font shape `OMS/cmtt/m/n' in size <10> not available
(Font)              Font shape `OMS/cmsy/m/n' tried instead on input line 88.

<figure/FestBounds.pdf, id=28, 505.89pt x 505.89pt>
File: figure/FestBounds.pdf Graphic file (type pdf)

<use figure/FestBounds.pdf>
Package pdftex.def Info: figure/FestBounds.pdf used on input line 109.
(pdftex.def)             Requested size: 469.75502pt x 469.76265pt.
LaTeX Font Info:    External font `cmex10' loaded for size
(Font)              <7> on input line 112.
LaTeX Font Info:    External font `cmex10' loaded for size
(Font)              <5> on input line 112.


LaTeX Warning: Float too large for page by 114.55487pt on input line 114.

[1

{C:/Users/larochd1/AppData/Local/MiKTeX/2.9/pdftex/config/pdftex.map}]
[2 <C:/Classes/GeoStat/Lab3/figure/FestBounds.pdf>]
Package color Info: Redefining color shadecolor on input line 121.

Underfull \hbox (badness 10000) in paragraph at lines 137--138

 []

Package color Info: Redefining color shadecolor on input line 141.
<figure/Kboundplot.pdf, id=55, 505.89pt x 505.89pt>
File: figure/Kboundplot.pdf Graphic file (type pdf)

<use figure/Kboundplot.pdf>
Package pdftex.def Info: figure/Kboundplot.pdf used on input line 158.
(pdftex.def)             Requested size: 469.75502pt x 469.76265pt.


LaTeX Warning: Float too large for page by 25.44376pt on input line 163.

[3] [4 <C:/Classes/GeoStat/Lab3/figure/Kboundplot.pdf>]
Package color Info: Redefining color shadecolor on input line 170.

Underfull \hbox (badness 10000) in paragraph at lines 182--183

 []

Package color Info: Redefining color shadecolor on input line 186.
<figure/FirstOrderEffect.pdf, id=73, 505.89pt x 505.89pt>
File: figure/FirstOrderEffect.pdf Graphic file (type pdf)

<use figure/FirstOrderEffect.pdf>
Package pdftex.def Info: figure/FirstOrderEffect.pdf used on input line 199.
(pdftex.def)             Requested size: 469.75502pt x 469.76265pt.
Package color Info: Redefining color shadecolor on input line 208.
Package color Info: Redefining color shadecolor on input line 248.

<figure/plottests2x2.pdf, id=76, 505.89pt x 505.89pt>
File: figure/plottests2x2.pdf Graphic file (type pdf)

<use figure/plottests2x2.pdf>
Package pdftex.def Info: figure/plottests2x2.pdf used on input line 254.
(pdftex.def)             Requested size: 469.75502pt x 469.76265pt.
Package color Info: Redefining color shadecolor on input line 263.

<figure/plottests4x4.pdf, id=77, 505.89pt x 505.89pt>
File: figure/plottests4x4.pdf Graphic file (type pdf)

<use figure/plottests4x4.pdf>
Package pdftex.def Info: figure/plottests4x4.pdf used on input line 269.
(pdftex.def)             Requested size: 469.75502pt x 469.76265pt.
 [5] [6 <C:/Classes/GeoStat/Lab3/figure/FirstOrderEffect.pdf>] [7 <C:/Classes/G
eoStat/Lab3/figure/plottests2x2.pdf>] [8 <C:/Classes/GeoStat/Lab3/figure/plotte
sts4x4.pdf>]
Package color Info: Redefining color shadecolor on input line 281.

<figure/kernelest05.pdf, id=117, 505.89pt x 505.89pt>
File: figure/kernelest05.pdf Graphic file (type pdf)

<use figure/kernelest05.pdf>
Package pdftex.def Info: figure/kernelest05.pdf used on input line 302.
(pdftex.def)             Requested size: 469.75502pt x 469.76265pt.


LaTeX Warning: Float too large for page by 101.16599pt on input line 307.

[9] [10 <C:/Classes/GeoStat/Lab3/figure/kernelest05.pdf>]
Underfull \hbox (badness 10000) in paragraph at lines 311--312

 []

Package color Info: Redefining color shadecolor on input line 315.
<figure/secondorder.pdf, id=144, 505.89pt x 505.89pt>
File: figure/secondorder.pdf Graphic file (type pdf)

<use figure/secondorder.pdf>
Package pdftex.def Info: figure/secondorder.pdf used on input line 329.
(pdftex.def)             Requested size: 469.75502pt x 469.76265pt.


LaTeX Warning: Float too large for page by 29.44376pt on input line 334.

Package color Info: Redefining color shadecolor on input line 338.
<figure/secondorder2.pdf, id=145, 505.89pt x 505.89pt>
File: figure/secondorder2.pdf Graphic file (type pdf)

<use figure/secondorder2.pdf>
Package pdftex.def Info: figure/secondorder2.pdf used on input line 350.
(pdftex.def)             Requested size: 469.75502pt x 469.76265pt.


LaTeX Warning: Float too large for page by 5.44376pt on input line 355.

Package color Info: Redefining color shadecolor on input line 359.
<figure/Kest.pdf, id=146, 505.89pt x 505.89pt>
File: figure/Kest.pdf Graphic file (type pdf)
 <use figure/Kest.pdf>
Package pdftex.def Info: figure/Kest.pdf used on input line 371.
(pdftex.def)             Requested size: 469.75502pt x 469.76265pt.
Package color Info: Redefining color shadecolor on input line 380.

Overfull \hbox (202.23912pt too wide) in paragraph at lines 382--382
[][]\OT1/cmtt/m/n/10 plot[][](rdwd.khat,[] []sqrt[][]([][]cbind[][](border, the
o)[][]/[][]pi)[][]-[][]r[][]~[][]r,[][]ylab[][]=[][]"L(r)"[][],[] []main[][]=[]
[]"L function"[][],[][]ylim[][]=[][]c[][]([][]-[][].07[][],[][].07[][]),[][]lty
[][]=[][]c[][]([][]1[][],[][]2[][]),[][]col[][]=[][]c[][]([][]1[][],[][]3[][]),
[][]legend[][]=F)[][] 
 []


Overfull \hbox (28.99063pt too wide) in paragraph at lines 386--386
[][]\OT1/cmtt/m/n/10 legend[][]([][]"topleft"[][],[][]legend[][]=[][]c[][]([][]
"Redwood"[][],[][]"Pine"[][],[][]"CSR Bounds"[][],[][]"Pois."[][]),[][]col[][]=
[][]c[][]([][]1[][],[][]4[][],[][]2[][],[][]3[][]),[][]lty[][]=[][]c[][]([][]1[
][],[][]1[][],[][]5[][],[][]2[][]))[][] 
 []

<figure/Lhat.pdf, id=147, 505.89pt x 505.89pt>
File: figure/Lhat.pdf Graphic file (type pdf)
 <use figure/Lhat.pdf>
Package pdftex.def Info: figure/Lhat.pdf used on input line 389.
(pdftex.def)             Requested size: 469.75502pt x 469.76265pt.
Package atveryend Info: Empty hook `BeforeClearDocument' on input line 395.
 [11]
[12 <C:/Classes/GeoStat/Lab3/figure/secondorder.pdf>] [13 <C:/Classes/GeoStat/L
ab3/figure/secondorder2.pdf>] [14 <C:/Classes/GeoStat/Lab3/figure/Kest.pdf>]
[15 <C:/Classes/GeoStat/Lab3/figure/Lhat.pdf>]
Package atveryend Info: Empty hook `AfterLastShipout' on input line 395.

(C:\Classes\GeoStat\Lab3\LaRoche_STAT574G_Lab3.aux)
Package atveryend Info: Executing hook `AtVeryEndDocument' on input line 395.
Package atveryend Info: Executing hook `AtEndAfterFileList' on input line 395.
Package rerunfilecheck Info: File `LaRoche_STAT574G_Lab3.out' has not changed.
(rerunfilecheck)             Checksum: 7D2D2A6C5F2D8973854D343D027B7020;345.
Package atveryend Info: Empty hook `AtVeryVeryEnd' on input line 395.
 ) 
Here is how much of TeX's memory you used:
 5240 strings out of 493921
 78377 string characters out of 3147274
 175891 words of memory out of 3000000
 8457 multiletter control sequences out of 15000+200000
 7923 words of font info for 29 fonts, out of 3000000 for 9000
 841 hyphenation exceptions out of 8191
 29i,7n,28p,867b,372s stack positions out of 5000i,500n,10000p,200000b,50000s
<C:/Program Files/MiKTeX 2.9/fonts/type1/public/amsfonts/cm/cmbx12.pfb><C:/Pr
ogram Files/MiKTeX 2.9/fonts/type1/public/amsfonts/cm/cmitt10.pfb><C:/Program F
iles/MiKTeX 2.9/fonts/type1/public/amsfonts/cm/cmmi10.pfb><C:/Program Files/MiK
TeX 2.9/fonts/type1/public/amsfonts/cm/cmr10.pfb><C:/Program Files/MiKTeX 2.9/f
onts/type1/public/amsfonts/cm/cmr12.pfb><C:/Program Files/MiKTeX 2.9/fonts/type
1/public/amsfonts/cm/cmr17.pfb><C:/Program Files/MiKTeX 2.9/fonts/type1/public/
amsfonts/cm/cmsy10.pfb><C:/Program Files/MiKTeX 2.9/fonts/type1/public/amsfonts
/cm/cmtt10.pfb>
Output written on LaRoche_STAT574G_Lab3.pdf (15 pages, 267631 bytes).
PDF statistics:
 235 PDF objects out of 1000 (max. 8388607)
 32 named destinations out of 1000 (max. 500000)
 99 words of extra memory for PDF output out of 10000 (max. 10000000)

